# JRE version: OpenJDK Runtime Environment (8.0_152-b02) (build 1.8.0_152-release-1024-b02)
# Java VM: OpenJDK 64-Bit Server VM (25.152-b02 mixed mode windows-amd64 compressed oops)
Heap:
 PSYoungGen      total 83456K, used 5120K [0x00000000d6700000, 0x00000000e7980000, 0x0000000100000000)
  eden space 78336K, 0% used [0x00000000d6700000,0x00000000d6700000,0x00000000db380000)
  from space 5120K, 100% used [0x00000000db380000,0x00000000db880000,0x00000000db880000)
  to   space 95232K, 0% used [0x00000000e1c80000,0x00000000e1c80000,0x00000000e7980000)
 ParOldGen       total 297472K, used 263674K [0x0000000083400000, 0x0000000095680000, 0x00000000d6700000)
  object space 297472K, 88% used [0x0000000083400000,0x000000009357e9c0,0x0000000095680000)
 Metaspace       used 3463K, capacity 4600K, committed 4864K, reserved 1056768K
  class space    used 360K, capacity 424K, committed 512K, reserved 1048576K
GC Heap History (10 events):
Event: 1.998 GC heap after
Heap after GC invocations=3 (full 1):
 PSYoungGen      total 70656K, used 0K [0x00000000d6700000, 0x00000000db100000, 0x0000000100000000)
  eden space 65536K, 0% used [0x00000000d6700000,0x00000000d6700000,0x00000000da700000)
  from space 5120K, 0% used [0x00000000dac00000,0x00000000dac00000,0x00000000db100000)
  to   space 5120K, 0% used [0x00000000da700000,0x00000000da700000,0x00000000dac00000)
 ParOldGen       total 155136K, used 62528K [0x0000000083400000, 0x000000008cb80000, 0x00000000d6700000)
  object space 155136K, 40% used [0x0000000083400000,0x0000000087110198,0x000000008cb80000)
 Metaspace       used 3451K, capacity 4600K, committed 4864K, reserved 1056768K
  class space    used 360K, capacity 424K, committed 512K, reserved 1048576K
}
Event: 2.118 GC heap before
{Heap before GC invocations=4 (full 1):
 PSYoungGen      total 70656K, used 65536K [0x00000000d6700000, 0x00000000db100000, 0x0000000100000000)
  eden space 65536K, 100% used [0x00000000d6700000,0x00000000da700000,0x00000000da700000)
  from space 5120K, 0% used [0x00000000dac00000,0x00000000dac00000,0x00000000db100000)
  to   space 5120K, 0% used [0x00000000da700000,0x00000000da700000,0x00000000dac00000)
 ParOldGen       total 155136K, used 62528K [0x0000000083400000, 0x000000008cb80000, 0x00000000d6700000)
  object space 155136K, 40% used [0x0000000083400000,0x0000000087110198,0x000000008cb80000)
 Metaspace       used 3451K, capacity 4600K, committed 4864K, reserved 1056768K
  class space    used 360K, capacity 424K, committed 512K, reserved 1048576K
Event: 2.180 GC heap after
Heap after GC invocations=4 (full 1):
 PSYoungGen      total 70656K, used 5120K [0x00000000d6700000, 0x00000000dbd80000, 0x0000000100000000)
  eden space 65536K, 0% used [0x00000000d6700000,0x00000000d6700000,0x00000000da700000)
  from space 5120K, 100% used [0x00000000da700000,0x00000000dac00000,0x00000000dac00000)
  to   space 5120K, 0% used [0x00000000db880000,0x00000000db880000,0x00000000dbd80000)
 ParOldGen       total 155136K, used 122744K [0x0000000083400000, 0x000000008cb80000, 0x00000000d6700000)
  object space 155136K, 79% used [0x0000000083400000,0x000000008abde198,0x000000008cb80000)
 Metaspace       used 3451K, capacity 4600K, committed 4864K, reserved 1056768K
  class space    used 360K, capacity 424K, committed 512K, reserved 1048576K
}
Event: 2.180 GC heap before
{Heap before GC invocations=5 (full 2):
 PSYoungGen      total 70656K, used 5120K [0x00000000d6700000, 0x00000000dbd80000, 0x0000000100000000)
  eden space 65536K, 0% used [0x00000000d6700000,0x00000000d6700000,0x00000000da700000)
  from space 5120K, 100% used [0x00000000da700000,0x00000000dac00000,0x00000000dac00000)
  to   space 5120K, 0% used [0x00000000db880000,0x00000000db880000,0x00000000dbd80000)
 ParOldGen       total 155136K, used 122744K [0x0000000083400000, 0x000000008cb80000, 0x00000000d6700000)
  object space 155136K, 79% used [0x0000000083400000,0x000000008abde198,0x000000008cb80000)
 Metaspace       used 3451K, capacity 4600K, committed 4864K, reserved 1056768K
  class space    used 360K, capacity 424K, committed 512K, reserved 1048576K
Event: 3.161 GC heap after
Heap after GC invocations=5 (full 2):
 PSYoungGen      total 70656K, used 0K [0x00000000d6700000, 0x00000000dbd80000, 0x0000000100000000)
  eden space 65536K, 0% used [0x00000000d6700000,0x00000000d6700000,0x00000000da700000)
  from space 5120K, 0% used [0x00000000da700000,0x00000000da700000,0x00000000dac00000)
  to   space 5120K, 0% used [0x00000000db880000,0x00000000db880000,0x00000000dbd80000)
 ParOldGen       total 297472K, used 127586K [0x0000000083400000, 0x0000000095680000, 0x00000000d6700000)
  object space 297472K, 42% used [0x0000000083400000,0x000000008b0989c0,0x0000000095680000)
 Metaspace       used 3451K, capacity 4600K, committed 4864K, reserved 1056768K
  class space    used 360K, capacity 424K, committed 512K, reserved 1048576K
}
Event: 3.276 GC heap before
{Heap before GC invocations=6 (full 2):
 PSYoungGen      total 70656K, used 65536K [0x00000000d6700000, 0x00000000dbd80000, 0x0000000100000000)
  eden space 65536K, 100% used [0x00000000d6700000,0x00000000da700000,0x00000000da700000)
  from space 5120K, 0% used [0x00000000da700000,0x00000000da700000,0x00000000dac00000)
  to   space 5120K, 0% used [0x00000000db880000,0x00000000db880000,0x00000000dbd80000)
 ParOldGen       total 297472K, used 127586K [0x0000000083400000, 0x0000000095680000, 0x00000000d6700000)
  object space 297472K, 42% used [0x0000000083400000,0x000000008b0989c0,0x0000000095680000)
 Metaspace       used 3451K, capacity 4600K, committed 4864K, reserved 1056768K
  class space    used 360K, capacity 424K, committed 512K, reserved 1048576K
Event: 3.337 GC heap after
Heap after GC invocations=6 (full 2):
 PSYoungGen      total 80896K, used 5120K [0x00000000d6700000, 0x00000000dbd80000, 0x0000000100000000)
  eden space 75776K, 0% used [0x00000000d6700000,0x00000000d6700000,0x00000000db100000)
  from space 5120K, 100% used [0x00000000db880000,0x00000000dbd80000,0x00000000dbd80000)
  to   space 5120K, 0% used [0x00000000db380000,0x00000000db380000,0x00000000db880000)
 ParOldGen       total 297472K, used 187914K [0x0000000083400000, 0x0000000095680000, 0x00000000d6700000)
  object space 297472K, 63% used [0x0000000083400000,0x000000008eb829c0,0x0000000095680000)
 Metaspace       used 3451K, capacity 4600K, committed 4864K, reserved 1056768K
  class space    used 360K, capacity 424K, committed 512K, reserved 1048576K
}
Event: 3.476 GC heap before
{Heap before GC invocations=7 (full 2):
 PSYoungGen      total 80896K, used 80896K [0x00000000d6700000, 0x00000000dbd80000, 0x0000000100000000)
  eden space 75776K, 100% used [0x00000000d6700000,0x00000000db100000,0x00000000db100000)
  from space 5120K, 100% used [0x00000000db880000,0x00000000dbd80000,0x00000000dbd80000)
  to   space 5120K, 0% used [0x00000000db380000,0x00000000db380000,0x00000000db880000)
 ParOldGen       total 297472K, used 187914K [0x0000000083400000, 0x0000000095680000, 0x00000000d6700000)
  object space 297472K, 63% used [0x0000000083400000,0x000000008eb829c0,0x0000000095680000)
 Metaspace       used 3463K, capacity 4600K, committed 4864K, reserved 1056768K
  class space    used 360K, capacity 424K, committed 512K, reserved 1048576K
Event: 3.547 GC heap after
Heap after GC invocations=7 (full 2):
 PSYoungGen      total 83456K, used 5120K [0x00000000d6700000, 0x00000000e7980000, 0x0000000100000000)
  eden space 78336K, 0% used [0x00000000d6700000,0x00000000d6700000,0x00000000db380000)
  from space 5120K, 100% used [0x00000000db380000,0x00000000db880000,0x00000000db880000)
  to   space 95232K, 0% used [0x00000000e1c80000,0x00000000e1c80000,0x00000000e7980000)
 ParOldGen       total 297472K, used 263674K [0x0000000083400000, 0x0000000095680000, 0x00000000d6700000)
  object space 297472K, 88% used [0x0000000083400000,0x000000009357e9c0,0x0000000095680000)
 Metaspace       used 3463K, capacity 4600K, committed 4864K, reserved 1056768K
  class space    used 360K, capacity 424K, committed 512K, reserved 1048576K
}
Event: 3.547 GC heap before
{Heap before GC invocations=8 (full 3):
 PSYoungGen      total 83456K, used 5120K [0x00000000d6700000, 0x00000000e7980000, 0x0000000100000000)
  eden space 78336K, 0% used [0x00000000d6700000,0x00000000d6700000,0x00000000db380000)
  from space 5120K, 100% used [0x00000000db380000,0x00000000db880000,0x00000000db880000)
  to   space 95232K, 0% used [0x00000000e1c80000,0x00000000e1c80000,0x00000000e7980000)
 ParOldGen       total 297472K, used 263674K [0x0000000083400000, 0x0000000095680000, 0x00000000d6700000)
  object space 297472K, 88% used [0x0000000083400000,0x000000009357e9c0,0x0000000095680000)
 Metaspace       used 3463K, capacity 4600K, committed 4864K, reserved 1056768K
  class space    used 360K, capacity 424K, committed 512K, reserved 1048576K

