# JRE version: OpenJDK Runtime Environment (8.0_152-b02) (build 1.8.0_152-release-1024-b02)
# Java VM: OpenJDK 64-Bit Server VM (25.152-b02 mixed mode windows-amd64 compressed oops)
Heap:
 PSYoungGen      total 454144K, used 212K [0x00000000d6700000, 0x0000000100000000, 0x0000000100000000)
  eden space 227328K, 0% used [0x00000000d6700000,0x00000000d6700000,0x00000000e4500000)
  from space 226816K, 0% used [0x00000000e4500000,0x00000000e45352e0,0x00000000f2280000)
  to   space 226816K, 0% used [0x00000000f2280000,0x00000000f2280000,0x0000000100000000)
 ParOldGen       total 854528K, used 854009K [0x0000000083400000, 0x00000000b7680000, 0x00000000d6700000)
  object space 854528K, 99% used [0x0000000083400000,0x00000000b75fe4d0,0x00000000b7680000)
 Metaspace       used 3538K, capacity 4664K, committed 4864K, reserved 1056768K
  class space    used 366K, capacity 424K, committed 512K, reserved 1048576K
GC Heap History (10 events):
Event: 13.910 GC heap after
Heap after GC invocations=27 (full 4):
 PSYoungGen      total 454144K, used 222949K [0x00000000d6700000, 0x0000000100000000, 0x0000000100000000)
  eden space 227328K, 0% used [0x00000000d6700000,0x00000000d6700000,0x00000000e4500000)
  from space 226816K, 98% used [0x00000000e4500000,0x00000000f1eb9688,0x00000000f2280000)
  to   space 226816K, 0% used [0x00000000f2280000,0x00000000f2280000,0x0000000100000000)
 ParOldGen       total 838656K, used 630481K [0x0000000083400000, 0x00000000b6700000, 0x00000000d6700000)
  object space 838656K, 75% used [0x0000000083400000,0x00000000a9bb44c0,0x00000000b6700000)
 Metaspace       used 3538K, capacity 4664K, committed 4864K, reserved 1056768K
  class space    used 366K, capacity 424K, committed 512K, reserved 1048576K
}
Event: 13.929 GC heap before
{Heap before GC invocations=28 (full 4):
 PSYoungGen      total 454144K, used 450277K [0x00000000d6700000, 0x0000000100000000, 0x0000000100000000)
  eden space 227328K, 100% used [0x00000000d6700000,0x00000000e4500000,0x00000000e4500000)
  from space 226816K, 98% used [0x00000000e4500000,0x00000000f1eb9688,0x00000000f2280000)
  to   space 226816K, 0% used [0x00000000f2280000,0x00000000f2280000,0x0000000100000000)
 ParOldGen       total 838656K, used 630481K [0x0000000083400000, 0x00000000b6700000, 0x00000000d6700000)
  object space 838656K, 75% used [0x0000000083400000,0x00000000a9bb44c0,0x00000000b6700000)
 Metaspace       used 3538K, capacity 4664K, committed 4864K, reserved 1056768K
  class space    used 366K, capacity 424K, committed 512K, reserved 1048576K
Event: 14.044 GC heap after
Heap after GC invocations=28 (full 4):
 PSYoungGen      total 454144K, used 199089K [0x00000000d6700000, 0x0000000100000000, 0x0000000100000000)
  eden space 227328K, 0% used [0x00000000d6700000,0x00000000d6700000,0x00000000e4500000)
  from space 226816K, 87% used [0x00000000f2280000,0x00000000fe4ec640,0x0000000100000000)
  to   space 226816K, 0% used [0x00000000e4500000,0x00000000e4500000,0x00000000f2280000)
 ParOldGen       total 838656K, used 654537K [0x0000000083400000, 0x00000000b6700000, 0x00000000d6700000)
  object space 838656K, 78% used [0x0000000083400000,0x00000000ab3324c0,0x00000000b6700000)
 Metaspace       used 3538K, capacity 4664K, committed 4864K, reserved 1056768K
  class space    used 366K, capacity 424K, committed 512K, reserved 1048576K
}
Event: 14.064 GC heap before
{Heap before GC invocations=29 (full 4):
 PSYoungGen      total 454144K, used 426417K [0x00000000d6700000, 0x0000000100000000, 0x0000000100000000)
  eden space 227328K, 100% used [0x00000000d6700000,0x00000000e4500000,0x00000000e4500000)
  from space 226816K, 87% used [0x00000000f2280000,0x00000000fe4ec640,0x0000000100000000)
  to   space 226816K, 0% used [0x00000000e4500000,0x00000000e4500000,0x00000000f2280000)
 ParOldGen       total 838656K, used 654537K [0x0000000083400000, 0x00000000b6700000, 0x00000000d6700000)
  object space 838656K, 78% used [0x0000000083400000,0x00000000ab3324c0,0x00000000b6700000)
 Metaspace       used 3538K, capacity 4664K, committed 4864K, reserved 1056768K
  class space    used 366K, capacity 424K, committed 512K, reserved 1048576K
Event: 14.168 GC heap after
Heap after GC invocations=29 (full 4):
 PSYoungGen      total 454144K, used 148218K [0x00000000d6700000, 0x0000000100000000, 0x0000000100000000)
  eden space 227328K, 0% used [0x00000000d6700000,0x00000000d6700000,0x00000000e4500000)
  from space 226816K, 65% used [0x00000000e4500000,0x00000000ed5be930,0x00000000f2280000)
  to   space 226816K, 0% used [0x00000000f2280000,0x00000000f2280000,0x0000000100000000)
 ParOldGen       total 838656K, used 705433K [0x0000000083400000, 0x00000000b6700000, 0x00000000d6700000)
  object space 838656K, 84% used [0x0000000083400000,0x00000000ae4e64c0,0x00000000b6700000)
 Metaspace       used 3538K, capacity 4664K, committed 4864K, reserved 1056768K
  class space    used 366K, capacity 424K, committed 512K, reserved 1048576K
}
Event: 14.188 GC heap before
{Heap before GC invocations=30 (full 4):
 PSYoungGen      total 454144K, used 375527K [0x00000000d6700000, 0x0000000100000000, 0x0000000100000000)
  eden space 227328K, 99% used [0x00000000d6700000,0x00000000e44fb640,0x00000000e4500000)
  from space 226816K, 65% used [0x00000000e4500000,0x00000000ed5be930,0x00000000f2280000)
  to   space 226816K, 0% used [0x00000000f2280000,0x00000000f2280000,0x0000000100000000)
 ParOldGen       total 838656K, used 705433K [0x0000000083400000, 0x00000000b6700000, 0x00000000d6700000)
  object space 838656K, 84% used [0x0000000083400000,0x00000000ae4e64c0,0x00000000b6700000)
 Metaspace       used 3538K, capacity 4664K, committed 4864K, reserved 1056768K
  class space    used 366K, capacity 424K, committed 512K, reserved 1048576K
Event: 14.258 GC heap after
Heap after GC invocations=30 (full 4):
 PSYoungGen      total 454144K, used 116520K [0x00000000d6700000, 0x0000000100000000, 0x0000000100000000)
  eden space 227328K, 0% used [0x00000000d6700000,0x00000000d6700000,0x00000000e4500000)
  from space 226816K, 51% used [0x00000000f2280000,0x00000000f944a060,0x0000000100000000)
  to   space 226816K, 0% used [0x00000000e4500000,0x00000000e4500000,0x00000000f2280000)
 ParOldGen       total 838656K, used 737497K [0x0000000083400000, 0x00000000b6700000, 0x00000000d6700000)
  object space 838656K, 87% used [0x0000000083400000,0x00000000b04364c0,0x00000000b6700000)
 Metaspace       used 3538K, capacity 4664K, committed 4864K, reserved 1056768K
  class space    used 366K, capacity 424K, committed 512K, reserved 1048576K
}
Event: 14.279 GC heap before
{Heap before GC invocations=31 (full 4):
 PSYoungGen      total 454144K, used 343811K [0x00000000d6700000, 0x0000000100000000, 0x0000000100000000)
  eden space 227328K, 99% used [0x00000000d6700000,0x00000000e44f6d40,0x00000000e4500000)
  from space 226816K, 51% used [0x00000000f2280000,0x00000000f944a060,0x0000000100000000)
  to   space 226816K, 0% used [0x00000000e4500000,0x00000000e4500000,0x00000000f2280000)
 ParOldGen       total 838656K, used 737497K [0x0000000083400000, 0x00000000b6700000, 0x00000000d6700000)
  object space 838656K, 87% used [0x0000000083400000,0x00000000b04364c0,0x00000000b6700000)
 Metaspace       used 3538K, capacity 4664K, committed 4864K, reserved 1056768K
  class space    used 366K, capacity 424K, committed 512K, reserved 1048576K
Event: 14.349 GC heap after
Heap after GC invocations=31 (full 4):
 PSYoungGen      total 454144K, used 212K [0x00000000d6700000, 0x0000000100000000, 0x0000000100000000)
  eden space 227328K, 0% used [0x00000000d6700000,0x00000000d6700000,0x00000000e4500000)
  from space 226816K, 0% used [0x00000000e4500000,0x00000000e45352e0,0x00000000f2280000)
  to   space 226816K, 0% used [0x00000000f2280000,0x00000000f2280000,0x0000000100000000)
 ParOldGen       total 854528K, used 854009K [0x0000000083400000, 0x00000000b7680000, 0x00000000d6700000)
  object space 854528K, 99% used [0x0000000083400000,0x00000000b75fe4d0,0x00000000b7680000)
 Metaspace       used 3538K, capacity 4664K, committed 4864K, reserved 1056768K
  class space    used 366K, capacity 424K, committed 512K, reserved 1048576K
}
Event: 14.349 GC heap before
{Heap before GC invocations=32 (full 5):
 PSYoungGen      total 454144K, used 212K [0x00000000d6700000, 0x0000000100000000, 0x0000000100000000)
  eden space 227328K, 0% used [0x00000000d6700000,0x00000000d6700000,0x00000000e4500000)
  from space 226816K, 0% used [0x00000000e4500000,0x00000000e45352e0,0x00000000f2280000)
  to   space 226816K, 0% used [0x00000000f2280000,0x00000000f2280000,0x0000000100000000)
 ParOldGen       total 854528K, used 854009K [0x0000000083400000, 0x00000000b7680000, 0x00000000d6700000)
  object space 854528K, 99% used [0x0000000083400000,0x00000000b75fe4d0,0x00000000b7680000)
 Metaspace       used 3538K, capacity 4664K, committed 4864K, reserved 1056768K
  class space    used 366K, capacity 424K, committed 512K, reserved 1048576K

